<?xml version="1.0" encoding="UTF-8"?>
<testng-results skipped="0" failed="0" total="1" passed="1">
  <reporter-output>
  </reporter-output>
  <suite name="Default suite" duration-ms="21555" started-at="2017-11-22T06:21:23Z" finished-at="2017-11-22T06:21:45Z">
    <groups>
    </groups>
    <test name="Default test" duration-ms="21555" started-at="2017-11-22T06:21:23Z" finished-at="2017-11-22T06:21:45Z">
      <class name="importantSelenium.SignIn">
        <test-method status="PASS" signature="signInTest()[pri:0, instance:importantSelenium.SignIn@2cb4c3ab]" name="signInTest" duration-ms="21534" started-at="2017-11-21T22:21:23Z" finished-at="2017-11-21T22:21:45Z">
          <reporter-output>
          </reporter-output>
        </test-method> <!-- signInTest -->
      </class> <!-- importantSelenium.SignIn -->
    </test> <!-- Default test -->
  </suite> <!-- Default suite -->
</testng-results>
